  Accueil.cpp
C:\Users\coren\OneDrive - Association Cesi Viacesi mail\Deuxième année\POO\NewProjetLocal\MAP.h(5,11): warning C4570: 'CLpersonne' : n'est pas explicitement déclaré comme abstract mais comporte des fonctions abstract
C:\Users\coren\OneDrive - Association Cesi Viacesi mail\Deuxième année\POO\NewProjetLocal\MAP.h(5,11): message : 'System::String ^CLpersonne::Select(void)' : est abstrait
C:\Users\coren\OneDrive - Association Cesi Viacesi mail\Deuxième année\POO\NewProjetLocal\MAP.h(30): message : voir la déclaration de 'CLpersonne::Select'
C:\Users\coren\OneDrive - Association Cesi Viacesi mail\Deuxième année\POO\NewProjetLocal\MAP.h(5,11): message : 'System::String ^CLpersonne::Insert(void)' : est abstrait
C:\Users\coren\OneDrive - Association Cesi Viacesi mail\Deuxième année\POO\NewProjetLocal\MAP.h(31): message : voir la déclaration de 'CLpersonne::Insert'
C:\Users\coren\OneDrive - Association Cesi Viacesi mail\Deuxième année\POO\NewProjetLocal\MAP.h(5,11): message : 'System::String ^CLpersonne::Delete(void)' : est abstrait
C:\Users\coren\OneDrive - Association Cesi Viacesi mail\Deuxième année\POO\NewProjetLocal\MAP.h(32): message : voir la déclaration de 'CLpersonne::Delete'
C:\Users\coren\OneDrive - Association Cesi Viacesi mail\Deuxième année\POO\NewProjetLocal\MAP.h(5,11): message : 'System::String ^CLpersonne::Update(void)' : est abstrait
C:\Users\coren\OneDrive - Association Cesi Viacesi mail\Deuxième année\POO\NewProjetLocal\MAP.h(33): message : voir la déclaration de 'CLpersonne::Update'
C:\Users\coren\OneDrive - Association Cesi Viacesi mail\Deuxième année\POO\NewProjetLocal\MAP.h(180,21): warning C4490: 'override' : utilisation incorrecte du spécificateur de substitution ; 'CLarticle::Select' ne correspond pas à une méthode de classe ref de base
C:\Users\coren\OneDrive - Association Cesi Viacesi mail\Deuxième année\POO\NewProjetLocal\MAP.h(180,21): message : 'new' ou 'override' sont autorisés uniquement lorsqu'une méthode de base correspondante existe à partir d'une classe ref
C:\Users\coren\OneDrive - Association Cesi Viacesi mail\Deuxième année\POO\NewProjetLocal\MAP.h(181,21): warning C4490: 'override' : utilisation incorrecte du spécificateur de substitution ; 'CLarticle::Insert' ne correspond pas à une méthode de classe ref de base
C:\Users\coren\OneDrive - Association Cesi Viacesi mail\Deuxième année\POO\NewProjetLocal\MAP.h(181,21): message : 'new' ou 'override' sont autorisés uniquement lorsqu'une méthode de base correspondante existe à partir d'une classe ref
C:\Users\coren\OneDrive - Association Cesi Viacesi mail\Deuxième année\POO\NewProjetLocal\MAP.h(182,21): warning C4490: 'override' : utilisation incorrecte du spécificateur de substitution ; 'CLarticle::Delete' ne correspond pas à une méthode de classe ref de base
C:\Users\coren\OneDrive - Association Cesi Viacesi mail\Deuxième année\POO\NewProjetLocal\MAP.h(182,21): message : 'new' ou 'override' sont autorisés uniquement lorsqu'une méthode de base correspondante existe à partir d'une classe ref
C:\Users\coren\OneDrive - Association Cesi Viacesi mail\Deuxième année\POO\NewProjetLocal\MAP.h(183,21): warning C4490: 'override' : utilisation incorrecte du spécificateur de substitution ; 'CLarticle::Update' ne correspond pas à une méthode de classe ref de base
C:\Users\coren\OneDrive - Association Cesi Viacesi mail\Deuxième année\POO\NewProjetLocal\MAP.h(183,21): message : 'new' ou 'override' sont autorisés uniquement lorsqu'une méthode de base correspondante existe à partir d'une classe ref
C:\Users\coren\OneDrive - Association Cesi Viacesi mail\Deuxième année\POO\NewProjetLocal\AddClient.h(622,13): error C2143: erreur de syntaxe : absence de ')' avant '->'
C:\Users\coren\OneDrive - Association Cesi Viacesi mail\Deuxième année\POO\NewProjetLocal\AddClient.h(622,13): error C2059: erreur de syntaxe : '->'
C:\Users\coren\OneDrive - Association Cesi Viacesi mail\Deuxième année\POO\NewProjetLocal\AddClient.h(622,1): error C2059: erreur de syntaxe : ')'
C:\Users\coren\OneDrive - Association Cesi Viacesi mail\Deuxième année\POO\NewProjetLocal\AddClient.h(623,1): error C2143: erreur de syntaxe : absence de ';' avant '{'
C:\Users\coren\OneDrive - Association Cesi Viacesi mail\Deuxième année\POO\NewProjetLocal\AddClient.h(625,2): error C2143: erreur de syntaxe : absence de ';' avant '}'
C:\Users\coren\OneDrive - Association Cesi Viacesi mail\Deuxième année\POO\NewProjetLocal\AddClient.h(625,1): error C3867: 'System::Windows::Forms::ComboBox::ObjectCollection::AddRange' : syntaxe non-standard ; utilisez '&' pour créer un pointeur vers un membre
  AddClient.cpp
C:\Users\coren\OneDrive - Association Cesi Viacesi mail\Deuxième année\POO\NewProjetLocal\MAP.h(5,11): warning C4570: 'CLpersonne' : n'est pas explicitement déclaré comme abstract mais comporte des fonctions abstract
C:\Users\coren\OneDrive - Association Cesi Viacesi mail\Deuxième année\POO\NewProjetLocal\MAP.h(5,11): message : 'System::String ^CLpersonne::Select(void)' : est abstrait
C:\Users\coren\OneDrive - Association Cesi Viacesi mail\Deuxième année\POO\NewProjetLocal\MAP.h(30): message : voir la déclaration de 'CLpersonne::Select'
C:\Users\coren\OneDrive - Association Cesi Viacesi mail\Deuxième année\POO\NewProjetLocal\MAP.h(5,11): message : 'System::String ^CLpersonne::Insert(void)' : est abstrait
C:\Users\coren\OneDrive - Association Cesi Viacesi mail\Deuxième année\POO\NewProjetLocal\MAP.h(31): message : voir la déclaration de 'CLpersonne::Insert'
C:\Users\coren\OneDrive - Association Cesi Viacesi mail\Deuxième année\POO\NewProjetLocal\MAP.h(5,11): message : 'System::String ^CLpersonne::Delete(void)' : est abstrait
C:\Users\coren\OneDrive - Association Cesi Viacesi mail\Deuxième année\POO\NewProjetLocal\MAP.h(32): message : voir la déclaration de 'CLpersonne::Delete'
C:\Users\coren\OneDrive - Association Cesi Viacesi mail\Deuxième année\POO\NewProjetLocal\MAP.h(5,11): message : 'System::String ^CLpersonne::Update(void)' : est abstrait
C:\Users\coren\OneDrive - Association Cesi Viacesi mail\Deuxième année\POO\NewProjetLocal\MAP.h(33): message : voir la déclaration de 'CLpersonne::Update'
C:\Users\coren\OneDrive - Association Cesi Viacesi mail\Deuxième année\POO\NewProjetLocal\MAP.h(180,21): warning C4490: 'override' : utilisation incorrecte du spécificateur de substitution ; 'CLarticle::Select' ne correspond pas à une méthode de classe ref de base
C:\Users\coren\OneDrive - Association Cesi Viacesi mail\Deuxième année\POO\NewProjetLocal\MAP.h(180,21): message : 'new' ou 'override' sont autorisés uniquement lorsqu'une méthode de base correspondante existe à partir d'une classe ref
C:\Users\coren\OneDrive - Association Cesi Viacesi mail\Deuxième année\POO\NewProjetLocal\MAP.h(181,21): warning C4490: 'override' : utilisation incorrecte du spécificateur de substitution ; 'CLarticle::Insert' ne correspond pas à une méthode de classe ref de base
C:\Users\coren\OneDrive - Association Cesi Viacesi mail\Deuxième année\POO\NewProjetLocal\MAP.h(181,21): message : 'new' ou 'override' sont autorisés uniquement lorsqu'une méthode de base correspondante existe à partir d'une classe ref
C:\Users\coren\OneDrive - Association Cesi Viacesi mail\Deuxième année\POO\NewProjetLocal\MAP.h(182,21): warning C4490: 'override' : utilisation incorrecte du spécificateur de substitution ; 'CLarticle::Delete' ne correspond pas à une méthode de classe ref de base
C:\Users\coren\OneDrive - Association Cesi Viacesi mail\Deuxième année\POO\NewProjetLocal\MAP.h(182,21): message : 'new' ou 'override' sont autorisés uniquement lorsqu'une méthode de base correspondante existe à partir d'une classe ref
C:\Users\coren\OneDrive - Association Cesi Viacesi mail\Deuxième année\POO\NewProjetLocal\MAP.h(183,21): warning C4490: 'override' : utilisation incorrecte du spécificateur de substitution ; 'CLarticle::Update' ne correspond pas à une méthode de classe ref de base
C:\Users\coren\OneDrive - Association Cesi Viacesi mail\Deuxième année\POO\NewProjetLocal\MAP.h(183,21): message : 'new' ou 'override' sont autorisés uniquement lorsqu'une méthode de base correspondante existe à partir d'une classe ref
C:\Users\coren\OneDrive - Association Cesi Viacesi mail\Deuxième année\POO\NewProjetLocal\AddClient.h(622,13): error C2143: erreur de syntaxe : absence de ')' avant '->'
C:\Users\coren\OneDrive - Association Cesi Viacesi mail\Deuxième année\POO\NewProjetLocal\AddClient.h(622,13): error C2059: erreur de syntaxe : '->'
C:\Users\coren\OneDrive - Association Cesi Viacesi mail\Deuxième année\POO\NewProjetLocal\AddClient.h(622,1): error C2059: erreur de syntaxe : ')'
C:\Users\coren\OneDrive - Association Cesi Viacesi mail\Deuxième année\POO\NewProjetLocal\AddClient.h(623,1): error C2143: erreur de syntaxe : absence de ';' avant '{'
C:\Users\coren\OneDrive - Association Cesi Viacesi mail\Deuxième année\POO\NewProjetLocal\AddClient.h(625,2): error C2143: erreur de syntaxe : absence de ';' avant '}'
C:\Users\coren\OneDrive - Association Cesi Viacesi mail\Deuxième année\POO\NewProjetLocal\AddClient.h(625,1): error C3867: 'System::Windows::Forms::ComboBox::ObjectCollection::AddRange' : syntaxe non-standard ; utilisez '&' pour créer un pointeur vers un membre
  Catalogue.cpp
C:\Users\coren\OneDrive - Association Cesi Viacesi mail\Deuxième année\POO\NewProjetLocal\MAP.h(5,11): warning C4570: 'CLpersonne' : n'est pas explicitement déclaré comme abstract mais comporte des fonctions abstract
C:\Users\coren\OneDrive - Association Cesi Viacesi mail\Deuxième année\POO\NewProjetLocal\MAP.h(5,11): message : 'System::String ^CLpersonne::Select(void)' : est abstrait
C:\Users\coren\OneDrive - Association Cesi Viacesi mail\Deuxième année\POO\NewProjetLocal\MAP.h(30): message : voir la déclaration de 'CLpersonne::Select'
C:\Users\coren\OneDrive - Association Cesi Viacesi mail\Deuxième année\POO\NewProjetLocal\MAP.h(5,11): message : 'System::String ^CLpersonne::Insert(void)' : est abstrait
C:\Users\coren\OneDrive - Association Cesi Viacesi mail\Deuxième année\POO\NewProjetLocal\MAP.h(31): message : voir la déclaration de 'CLpersonne::Insert'
C:\Users\coren\OneDrive - Association Cesi Viacesi mail\Deuxième année\POO\NewProjetLocal\MAP.h(5,11): message : 'System::String ^CLpersonne::Delete(void)' : est abstrait
C:\Users\coren\OneDrive - Association Cesi Viacesi mail\Deuxième année\POO\NewProjetLocal\MAP.h(32): message : voir la déclaration de 'CLpersonne::Delete'
C:\Users\coren\OneDrive - Association Cesi Viacesi mail\Deuxième année\POO\NewProjetLocal\MAP.h(5,11): message : 'System::String ^CLpersonne::Update(void)' : est abstrait
C:\Users\coren\OneDrive - Association Cesi Viacesi mail\Deuxième année\POO\NewProjetLocal\MAP.h(33): message : voir la déclaration de 'CLpersonne::Update'
C:\Users\coren\OneDrive - Association Cesi Viacesi mail\Deuxième année\POO\NewProjetLocal\MAP.h(180,21): warning C4490: 'override' : utilisation incorrecte du spécificateur de substitution ; 'CLarticle::Select' ne correspond pas à une méthode de classe ref de base
C:\Users\coren\OneDrive - Association Cesi Viacesi mail\Deuxième année\POO\NewProjetLocal\MAP.h(180,21): message : 'new' ou 'override' sont autorisés uniquement lorsqu'une méthode de base correspondante existe à partir d'une classe ref
C:\Users\coren\OneDrive - Association Cesi Viacesi mail\Deuxième année\POO\NewProjetLocal\MAP.h(181,21): warning C4490: 'override' : utilisation incorrecte du spécificateur de substitution ; 'CLarticle::Insert' ne correspond pas à une méthode de classe ref de base
C:\Users\coren\OneDrive - Association Cesi Viacesi mail\Deuxième année\POO\NewProjetLocal\MAP.h(181,21): message : 'new' ou 'override' sont autorisés uniquement lorsqu'une méthode de base correspondante existe à partir d'une classe ref
C:\Users\coren\OneDrive - Association Cesi Viacesi mail\Deuxième année\POO\NewProjetLocal\MAP.h(182,21): warning C4490: 'override' : utilisation incorrecte du spécificateur de substitution ; 'CLarticle::Delete' ne correspond pas à une méthode de classe ref de base
C:\Users\coren\OneDrive - Association Cesi Viacesi mail\Deuxième année\POO\NewProjetLocal\MAP.h(182,21): message : 'new' ou 'override' sont autorisés uniquement lorsqu'une méthode de base correspondante existe à partir d'une classe ref
C:\Users\coren\OneDrive - Association Cesi Viacesi mail\Deuxième année\POO\NewProjetLocal\MAP.h(183,21): warning C4490: 'override' : utilisation incorrecte du spécificateur de substitution ; 'CLarticle::Update' ne correspond pas à une méthode de classe ref de base
C:\Users\coren\OneDrive - Association Cesi Viacesi mail\Deuxième année\POO\NewProjetLocal\MAP.h(183,21): message : 'new' ou 'override' sont autorisés uniquement lorsqu'une méthode de base correspondante existe à partir d'une classe ref
  Client.cpp
C:\Users\coren\OneDrive - Association Cesi Viacesi mail\Deuxième année\POO\NewProjetLocal\MAP.h(5,11): warning C4570: 'CLpersonne' : n'est pas explicitement déclaré comme abstract mais comporte des fonctions abstract
C:\Users\coren\OneDrive - Association Cesi Viacesi mail\Deuxième année\POO\NewProjetLocal\MAP.h(5,11): message : 'System::String ^CLpersonne::Select(void)' : est abstrait
C:\Users\coren\OneDrive - Association Cesi Viacesi mail\Deuxième année\POO\NewProjetLocal\MAP.h(30): message : voir la déclaration de 'CLpersonne::Select'
C:\Users\coren\OneDrive - Association Cesi Viacesi mail\Deuxième année\POO\NewProjetLocal\MAP.h(5,11): message : 'System::String ^CLpersonne::Insert(void)' : est abstrait
C:\Users\coren\OneDrive - Association Cesi Viacesi mail\Deuxième année\POO\NewProjetLocal\MAP.h(31): message : voir la déclaration de 'CLpersonne::Insert'
C:\Users\coren\OneDrive - Association Cesi Viacesi mail\Deuxième année\POO\NewProjetLocal\MAP.h(5,11): message : 'System::String ^CLpersonne::Delete(void)' : est abstrait
C:\Users\coren\OneDrive - Association Cesi Viacesi mail\Deuxième année\POO\NewProjetLocal\MAP.h(32): message : voir la déclaration de 'CLpersonne::Delete'
C:\Users\coren\OneDrive - Association Cesi Viacesi mail\Deuxième année\POO\NewProjetLocal\MAP.h(5,11): message : 'System::String ^CLpersonne::Update(void)' : est abstrait
C:\Users\coren\OneDrive - Association Cesi Viacesi mail\Deuxième année\POO\NewProjetLocal\MAP.h(33): message : voir la déclaration de 'CLpersonne::Update'
C:\Users\coren\OneDrive - Association Cesi Viacesi mail\Deuxième année\POO\NewProjetLocal\MAP.h(180,21): warning C4490: 'override' : utilisation incorrecte du spécificateur de substitution ; 'CLarticle::Select' ne correspond pas à une méthode de classe ref de base
C:\Users\coren\OneDrive - Association Cesi Viacesi mail\Deuxième année\POO\NewProjetLocal\MAP.h(180,21): message : 'new' ou 'override' sont autorisés uniquement lorsqu'une méthode de base correspondante existe à partir d'une classe ref
C:\Users\coren\OneDrive - Association Cesi Viacesi mail\Deuxième année\POO\NewProjetLocal\MAP.h(181,21): warning C4490: 'override' : utilisation incorrecte du spécificateur de substitution ; 'CLarticle::Insert' ne correspond pas à une méthode de classe ref de base
C:\Users\coren\OneDrive - Association Cesi Viacesi mail\Deuxième année\POO\NewProjetLocal\MAP.h(181,21): message : 'new' ou 'override' sont autorisés uniquement lorsqu'une méthode de base correspondante existe à partir d'une classe ref
C:\Users\coren\OneDrive - Association Cesi Viacesi mail\Deuxième année\POO\NewProjetLocal\MAP.h(182,21): warning C4490: 'override' : utilisation incorrecte du spécificateur de substitution ; 'CLarticle::Delete' ne correspond pas à une méthode de classe ref de base
C:\Users\coren\OneDrive - Association Cesi Viacesi mail\Deuxième année\POO\NewProjetLocal\MAP.h(182,21): message : 'new' ou 'override' sont autorisés uniquement lorsqu'une méthode de base correspondante existe à partir d'une classe ref
C:\Users\coren\OneDrive - Association Cesi Viacesi mail\Deuxième année\POO\NewProjetLocal\MAP.h(183,21): warning C4490: 'override' : utilisation incorrecte du spécificateur de substitution ; 'CLarticle::Update' ne correspond pas à une méthode de classe ref de base
C:\Users\coren\OneDrive - Association Cesi Viacesi mail\Deuxième année\POO\NewProjetLocal\MAP.h(183,21): message : 'new' ou 'override' sont autorisés uniquement lorsqu'une méthode de base correspondante existe à partir d'une classe ref
C:\Users\coren\OneDrive - Association Cesi Viacesi mail\Deuxième année\POO\NewProjetLocal\AddClient.h(622,13): error C2143: erreur de syntaxe : absence de ')' avant '->'
C:\Users\coren\OneDrive - Association Cesi Viacesi mail\Deuxième année\POO\NewProjetLocal\AddClient.h(622,13): error C2059: erreur de syntaxe : '->'
C:\Users\coren\OneDrive - Association Cesi Viacesi mail\Deuxième année\POO\NewProjetLocal\AddClient.h(622,1): error C2059: erreur de syntaxe : ')'
C:\Users\coren\OneDrive - Association Cesi Viacesi mail\Deuxième année\POO\NewProjetLocal\AddClient.h(623,1): error C2143: erreur de syntaxe : absence de ';' avant '{'
C:\Users\coren\OneDrive - Association Cesi Viacesi mail\Deuxième année\POO\NewProjetLocal\AddClient.h(625,2): error C2143: erreur de syntaxe : absence de ';' avant '}'
C:\Users\coren\OneDrive - Association Cesi Viacesi mail\Deuxième année\POO\NewProjetLocal\AddClient.h(625,1): error C3867: 'System::Windows::Forms::ComboBox::ObjectCollection::AddRange' : syntaxe non-standard ; utilisez '&' pour créer un pointeur vers un membre
  Connexion.cpp
C:\Users\coren\OneDrive - Association Cesi Viacesi mail\Deuxième année\POO\NewProjetLocal\MAP.h(5,11): warning C4570: 'CLpersonne' : n'est pas explicitement déclaré comme abstract mais comporte des fonctions abstract
C:\Users\coren\OneDrive - Association Cesi Viacesi mail\Deuxième année\POO\NewProjetLocal\MAP.h(5,11): message : 'System::String ^CLpersonne::Select(void)' : est abstrait
C:\Users\coren\OneDrive - Association Cesi Viacesi mail\Deuxième année\POO\NewProjetLocal\MAP.h(30): message : voir la déclaration de 'CLpersonne::Select'
C:\Users\coren\OneDrive - Association Cesi Viacesi mail\Deuxième année\POO\NewProjetLocal\MAP.h(5,11): message : 'System::String ^CLpersonne::Insert(void)' : est abstrait
C:\Users\coren\OneDrive - Association Cesi Viacesi mail\Deuxième année\POO\NewProjetLocal\MAP.h(31): message : voir la déclaration de 'CLpersonne::Insert'
C:\Users\coren\OneDrive - Association Cesi Viacesi mail\Deuxième année\POO\NewProjetLocal\MAP.h(5,11): message : 'System::String ^CLpersonne::Delete(void)' : est abstrait
C:\Users\coren\OneDrive - Association Cesi Viacesi mail\Deuxième année\POO\NewProjetLocal\MAP.h(32): message : voir la déclaration de 'CLpersonne::Delete'
C:\Users\coren\OneDrive - Association Cesi Viacesi mail\Deuxième année\POO\NewProjetLocal\MAP.h(5,11): message : 'System::String ^CLpersonne::Update(void)' : est abstrait
C:\Users\coren\OneDrive - Association Cesi Viacesi mail\Deuxième année\POO\NewProjetLocal\MAP.h(33): message : voir la déclaration de 'CLpersonne::Update'
C:\Users\coren\OneDrive - Association Cesi Viacesi mail\Deuxième année\POO\NewProjetLocal\MAP.h(180,21): warning C4490: 'override' : utilisation incorrecte du spécificateur de substitution ; 'CLarticle::Select' ne correspond pas à une méthode de classe ref de base
C:\Users\coren\OneDrive - Association Cesi Viacesi mail\Deuxième année\POO\NewProjetLocal\MAP.h(180,21): message : 'new' ou 'override' sont autorisés uniquement lorsqu'une méthode de base correspondante existe à partir d'une classe ref
C:\Users\coren\OneDrive - Association Cesi Viacesi mail\Deuxième année\POO\NewProjetLocal\MAP.h(181,21): warning C4490: 'override' : utilisation incorrecte du spécificateur de substitution ; 'CLarticle::Insert' ne correspond pas à une méthode de classe ref de base
C:\Users\coren\OneDrive - Association Cesi Viacesi mail\Deuxième année\POO\NewProjetLocal\MAP.h(181,21): message : 'new' ou 'override' sont autorisés uniquement lorsqu'une méthode de base correspondante existe à partir d'une classe ref
C:\Users\coren\OneDrive - Association Cesi Viacesi mail\Deuxième année\POO\NewProjetLocal\MAP.h(182,21): warning C4490: 'override' : utilisation incorrecte du spécificateur de substitution ; 'CLarticle::Delete' ne correspond pas à une méthode de classe ref de base
C:\Users\coren\OneDrive - Association Cesi Viacesi mail\Deuxième année\POO\NewProjetLocal\MAP.h(182,21): message : 'new' ou 'override' sont autorisés uniquement lorsqu'une méthode de base correspondante existe à partir d'une classe ref
C:\Users\coren\OneDrive - Association Cesi Viacesi mail\Deuxième année\POO\NewProjetLocal\MAP.h(183,21): warning C4490: 'override' : utilisation incorrecte du spécificateur de substitution ; 'CLarticle::Update' ne correspond pas à une méthode de classe ref de base
C:\Users\coren\OneDrive - Association Cesi Viacesi mail\Deuxième année\POO\NewProjetLocal\MAP.h(183,21): message : 'new' ou 'override' sont autorisés uniquement lorsqu'une méthode de base correspondante existe à partir d'une classe ref
C:\Users\coren\OneDrive - Association Cesi Viacesi mail\Deuxième année\POO\NewProjetLocal\AddClient.h(622,13): error C2143: erreur de syntaxe : absence de ')' avant '->'
C:\Users\coren\OneDrive - Association Cesi Viacesi mail\Deuxième année\POO\NewProjetLocal\AddClient.h(622,13): error C2059: erreur de syntaxe : '->'
C:\Users\coren\OneDrive - Association Cesi Viacesi mail\Deuxième année\POO\NewProjetLocal\AddClient.h(622,1): error C2059: erreur de syntaxe : ')'
C:\Users\coren\OneDrive - Association Cesi Viacesi mail\Deuxième année\POO\NewProjetLocal\AddClient.h(623,1): error C2143: erreur de syntaxe : absence de ';' avant '{'
C:\Users\coren\OneDrive - Association Cesi Viacesi mail\Deuxième année\POO\NewProjetLocal\AddClient.h(625,2): error C2143: erreur de syntaxe : absence de ';' avant '}'
C:\Users\coren\OneDrive - Association Cesi Viacesi mail\Deuxième année\POO\NewProjetLocal\AddClient.h(625,1): error C3867: 'System::Windows::Forms::ComboBox::ObjectCollection::AddRange' : syntaxe non-standard ; utilisez '&' pour créer un pointeur vers un membre
  ListeArticle.cpp
  MyForm.cpp
C:\Users\coren\OneDrive - Association Cesi Viacesi mail\Deuxième année\POO\NewProjetLocal\MAP.h(5,11): warning C4570: 'CLpersonne' : n'est pas explicitement déclaré comme abstract mais comporte des fonctions abstract
C:\Users\coren\OneDrive - Association Cesi Viacesi mail\Deuxième année\POO\NewProjetLocal\MAP.h(5,11): message : 'System::String ^CLpersonne::Select(void)' : est abstrait
C:\Users\coren\OneDrive - Association Cesi Viacesi mail\Deuxième année\POO\NewProjetLocal\MAP.h(30): message : voir la déclaration de 'CLpersonne::Select'
C:\Users\coren\OneDrive - Association Cesi Viacesi mail\Deuxième année\POO\NewProjetLocal\MAP.h(5,11): message : 'System::String ^CLpersonne::Insert(void)' : est abstrait
C:\Users\coren\OneDrive - Association Cesi Viacesi mail\Deuxième année\POO\NewProjetLocal\MAP.h(31): message : voir la déclaration de 'CLpersonne::Insert'
C:\Users\coren\OneDrive - Association Cesi Viacesi mail\Deuxième année\POO\NewProjetLocal\MAP.h(5,11): message : 'System::String ^CLpersonne::Delete(void)' : est abstrait
C:\Users\coren\OneDrive - Association Cesi Viacesi mail\Deuxième année\POO\NewProjetLocal\MAP.h(32): message : voir la déclaration de 'CLpersonne::Delete'
C:\Users\coren\OneDrive - Association Cesi Viacesi mail\Deuxième année\POO\NewProjetLocal\MAP.h(5,11): message : 'System::String ^CLpersonne::Update(void)' : est abstrait
C:\Users\coren\OneDrive - Association Cesi Viacesi mail\Deuxième année\POO\NewProjetLocal\MAP.h(33): message : voir la déclaration de 'CLpersonne::Update'
C:\Users\coren\OneDrive - Association Cesi Viacesi mail\Deuxième année\POO\NewProjetLocal\MAP.h(180,21): warning C4490: 'override' : utilisation incorrecte du spécificateur de substitution ; 'CLarticle::Select' ne correspond pas à une méthode de classe ref de base
C:\Users\coren\OneDrive - Association Cesi Viacesi mail\Deuxième année\POO\NewProjetLocal\MAP.h(180,21): message : 'new' ou 'override' sont autorisés uniquement lorsqu'une méthode de base correspondante existe à partir d'une classe ref
C:\Users\coren\OneDrive - Association Cesi Viacesi mail\Deuxième année\POO\NewProjetLocal\MAP.h(181,21): warning C4490: 'override' : utilisation incorrecte du spécificateur de substitution ; 'CLarticle::Insert' ne correspond pas à une méthode de classe ref de base
C:\Users\coren\OneDrive - Association Cesi Viacesi mail\Deuxième année\POO\NewProjetLocal\MAP.h(181,21): message : 'new' ou 'override' sont autorisés uniquement lorsqu'une méthode de base correspondante existe à partir d'une classe ref
C:\Users\coren\OneDrive - Association Cesi Viacesi mail\Deuxième année\POO\NewProjetLocal\MAP.h(182,21): warning C4490: 'override' : utilisation incorrecte du spécificateur de substitution ; 'CLarticle::Delete' ne correspond pas à une méthode de classe ref de base
C:\Users\coren\OneDrive - Association Cesi Viacesi mail\Deuxième année\POO\NewProjetLocal\MAP.h(182,21): message : 'new' ou 'override' sont autorisés uniquement lorsqu'une méthode de base correspondante existe à partir d'une classe ref
C:\Users\coren\OneDrive - Association Cesi Viacesi mail\Deuxième année\POO\NewProjetLocal\MAP.h(183,21): warning C4490: 'override' : utilisation incorrecte du spécificateur de substitution ; 'CLarticle::Update' ne correspond pas à une méthode de classe ref de base
C:\Users\coren\OneDrive - Association Cesi Viacesi mail\Deuxième année\POO\NewProjetLocal\MAP.h(183,21): message : 'new' ou 'override' sont autorisés uniquement lorsqu'une méthode de base correspondante existe à partir d'une classe ref
C:\Users\coren\OneDrive - Association Cesi Viacesi mail\Deuxième année\POO\NewProjetLocal\AddClient.h(622,13): error C2143: erreur de syntaxe : absence de ')' avant '->'
C:\Users\coren\OneDrive - Association Cesi Viacesi mail\Deuxième année\POO\NewProjetLocal\AddClient.h(622,13): error C2059: erreur de syntaxe : '->'
C:\Users\coren\OneDrive - Association Cesi Viacesi mail\Deuxième année\POO\NewProjetLocal\AddClient.h(622,1): error C2059: erreur de syntaxe : ')'
C:\Users\coren\OneDrive - Association Cesi Viacesi mail\Deuxième année\POO\NewProjetLocal\AddClient.h(623,1): error C2143: erreur de syntaxe : absence de ';' avant '{'
C:\Users\coren\OneDrive - Association Cesi Viacesi mail\Deuxième année\POO\NewProjetLocal\AddClient.h(625,2): error C2143: erreur de syntaxe : absence de ';' avant '}'
C:\Users\coren\OneDrive - Association Cesi Viacesi mail\Deuxième année\POO\NewProjetLocal\AddClient.h(625,1): error C3867: 'System::Windows::Forms::ComboBox::ObjectCollection::AddRange' : syntaxe non-standard ; utilisez '&' pour créer un pointeur vers un membre
  Génération de code en cours...
