  MAP.cpp
C:\Users\tomaa\OneDrive - Association Cesi Viacesi mail\Documents\TOM\Année 2021-2022\Bloc 2 POO\PROJET\Livrable 3\Interface\MAP.h(25,10): warning C4490: 'override' : utilisation incorrecte du spécificateur de substitution ; 'CLpersonne::setIdpersonne' ne correspond pas à une méthode de classe ref de base
C:\Users\tomaa\OneDrive - Association Cesi Viacesi mail\Documents\TOM\Année 2021-2022\Bloc 2 POO\PROJET\Livrable 3\Interface\MAP.h(25,10): message : 'new' ou 'override' sont autorisés uniquement lorsqu'une méthode de base correspondante existe à partir d'une classe ref
C:\Users\tomaa\OneDrive - Association Cesi Viacesi mail\Documents\TOM\Année 2021-2022\Bloc 2 POO\PROJET\Livrable 3\Interface\MAP.h(27,21): warning C4490: 'override' : utilisation incorrecte du spécificateur de substitution ; 'CLpersonne::getNom' ne correspond pas à une méthode de classe ref de base
C:\Users\tomaa\OneDrive - Association Cesi Viacesi mail\Documents\TOM\Année 2021-2022\Bloc 2 POO\PROJET\Livrable 3\Interface\MAP.h(27,21): message : 'new' ou 'override' sont autorisés uniquement lorsqu'une méthode de base correspondante existe à partir d'une classe ref
C:\Users\tomaa\OneDrive - Association Cesi Viacesi mail\Documents\TOM\Année 2021-2022\Bloc 2 POO\PROJET\Livrable 3\Interface\MAP.h(28,10): warning C4490: 'override' : utilisation incorrecte du spécificateur de substitution ; 'CLpersonne::setNom' ne correspond pas à une méthode de classe ref de base
C:\Users\tomaa\OneDrive - Association Cesi Viacesi mail\Documents\TOM\Année 2021-2022\Bloc 2 POO\PROJET\Livrable 3\Interface\MAP.h(28,10): message : 'new' ou 'override' sont autorisés uniquement lorsqu'une méthode de base correspondante existe à partir d'une classe ref
C:\Users\tomaa\OneDrive - Association Cesi Viacesi mail\Documents\TOM\Année 2021-2022\Bloc 2 POO\PROJET\Livrable 3\Interface\MAP.h(30,21): warning C4490: 'override' : utilisation incorrecte du spécificateur de substitution ; 'CLpersonne::getPrenom' ne correspond pas à une méthode de classe ref de base
C:\Users\tomaa\OneDrive - Association Cesi Viacesi mail\Documents\TOM\Année 2021-2022\Bloc 2 POO\PROJET\Livrable 3\Interface\MAP.h(30,21): message : 'new' ou 'override' sont autorisés uniquement lorsqu'une méthode de base correspondante existe à partir d'une classe ref
C:\Users\tomaa\OneDrive - Association Cesi Viacesi mail\Documents\TOM\Année 2021-2022\Bloc 2 POO\PROJET\Livrable 3\Interface\MAP.h(31,10): warning C4490: 'override' : utilisation incorrecte du spécificateur de substitution ; 'CLpersonne::setPrenom' ne correspond pas à une méthode de classe ref de base
C:\Users\tomaa\OneDrive - Association Cesi Viacesi mail\Documents\TOM\Année 2021-2022\Bloc 2 POO\PROJET\Livrable 3\Interface\MAP.h(31,10): message : 'new' ou 'override' sont autorisés uniquement lorsqu'une méthode de base correspondante existe à partir d'une classe ref
C:\Users\tomaa\OneDrive - Association Cesi Viacesi mail\Documents\TOM\Année 2021-2022\Bloc 2 POO\PROJET\Livrable 3\Interface\MAP.h(33,21): warning C4490: 'override' : utilisation incorrecte du spécificateur de substitution ; 'CLpersonne::getAdressemail' ne correspond pas à une méthode de classe ref de base
C:\Users\tomaa\OneDrive - Association Cesi Viacesi mail\Documents\TOM\Année 2021-2022\Bloc 2 POO\PROJET\Livrable 3\Interface\MAP.h(33,21): message : 'new' ou 'override' sont autorisés uniquement lorsqu'une méthode de base correspondante existe à partir d'une classe ref
C:\Users\tomaa\OneDrive - Association Cesi Viacesi mail\Documents\TOM\Année 2021-2022\Bloc 2 POO\PROJET\Livrable 3\Interface\MAP.h(34,10): warning C4490: 'override' : utilisation incorrecte du spécificateur de substitution ; 'CLpersonne::setAdressemail' ne correspond pas à une méthode de classe ref de base
C:\Users\tomaa\OneDrive - Association Cesi Viacesi mail\Documents\TOM\Année 2021-2022\Bloc 2 POO\PROJET\Livrable 3\Interface\MAP.h(34,10): message : 'new' ou 'override' sont autorisés uniquement lorsqu'une méthode de base correspondante existe à partir d'une classe ref
C:\Users\tomaa\OneDrive - Association Cesi Viacesi mail\Documents\TOM\Année 2021-2022\Bloc 2 POO\PROJET\Livrable 3\Interface\MAP.h(36,21): warning C4490: 'override' : utilisation incorrecte du spécificateur de substitution ; 'CLpersonne::getNumerotelephone' ne correspond pas à une méthode de classe ref de base
C:\Users\tomaa\OneDrive - Association Cesi Viacesi mail\Documents\TOM\Année 2021-2022\Bloc 2 POO\PROJET\Livrable 3\Interface\MAP.h(36,21): message : 'new' ou 'override' sont autorisés uniquement lorsqu'une méthode de base correspondante existe à partir d'une classe ref
C:\Users\tomaa\OneDrive - Association Cesi Viacesi mail\Documents\TOM\Année 2021-2022\Bloc 2 POO\PROJET\Livrable 3\Interface\MAP.h(37,10): warning C4490: 'override' : utilisation incorrecte du spécificateur de substitution ; 'CLpersonne::setNumerotelephone' ne correspond pas à une méthode de classe ref de base
C:\Users\tomaa\OneDrive - Association Cesi Viacesi mail\Documents\TOM\Année 2021-2022\Bloc 2 POO\PROJET\Livrable 3\Interface\MAP.h(37,10): message : 'new' ou 'override' sont autorisés uniquement lorsqu'une méthode de base correspondante existe à partir d'une classe ref
C:\Users\tomaa\OneDrive - Association Cesi Viacesi mail\Documents\TOM\Année 2021-2022\Bloc 2 POO\PROJET\Livrable 3\Interface\MAP.h(47,11): warning C4570: 'CLpersonnel' : n'est pas explicitement déclaré comme abstract mais comporte des fonctions abstract
C:\Users\tomaa\OneDrive - Association Cesi Viacesi mail\Documents\TOM\Année 2021-2022\Bloc 2 POO\PROJET\Livrable 3\Interface\MAP.h(47,11): message : 'System::String ^CLpersonne::Select(void)' : est abstrait
C:\Users\tomaa\OneDrive - Association Cesi Viacesi mail\Documents\TOM\Année 2021-2022\Bloc 2 POO\PROJET\Livrable 3\Interface\MAP.h(39): message : voir la déclaration de 'CLpersonne::Select'
C:\Users\tomaa\OneDrive - Association Cesi Viacesi mail\Documents\TOM\Année 2021-2022\Bloc 2 POO\PROJET\Livrable 3\Interface\MAP.h(47,11): message : 'System::String ^CLpersonne::Insert(void)' : est abstrait
C:\Users\tomaa\OneDrive - Association Cesi Viacesi mail\Documents\TOM\Année 2021-2022\Bloc 2 POO\PROJET\Livrable 3\Interface\MAP.h(40): message : voir la déclaration de 'CLpersonne::Insert'
C:\Users\tomaa\OneDrive - Association Cesi Viacesi mail\Documents\TOM\Année 2021-2022\Bloc 2 POO\PROJET\Livrable 3\Interface\MAP.h(47,11): message : 'System::String ^CLpersonne::Delete(void)' : est abstrait
C:\Users\tomaa\OneDrive - Association Cesi Viacesi mail\Documents\TOM\Année 2021-2022\Bloc 2 POO\PROJET\Livrable 3\Interface\MAP.h(41): message : voir la déclaration de 'CLpersonne::Delete'
C:\Users\tomaa\OneDrive - Association Cesi Viacesi mail\Documents\TOM\Année 2021-2022\Bloc 2 POO\PROJET\Livrable 3\Interface\MAP.h(47,11): message : 'System::String ^CLpersonne::Update(void)' : est abstrait
C:\Users\tomaa\OneDrive - Association Cesi Viacesi mail\Documents\TOM\Année 2021-2022\Bloc 2 POO\PROJET\Livrable 3\Interface\MAP.h(42): message : voir la déclaration de 'CLpersonne::Update'
  Accueil.obj : module MSIL détecté ; liens incrémentiels désactivés pour MSIL ; édition de liens complète en cours
  Interface.vcxproj -> C:\Users\tomaa\OneDrive - Association Cesi Viacesi mail\Documents\TOM\Année 2021-2022\Bloc 2 POO\PROJET\Livrable 3\Interface\Debug\Interface.exe
