  AssemblyInfo.cpp
  CAD.cpp
  MAP.cpp
C:\Users\tomaa\OneDrive - Association Cesi Viacesi mail\Documents\TOM\Année 2021-2022\Bloc 2 POO\PROJET\Livrable 3\Interface\MAP.h(14,11): warning C4570: 'CLpersonne' : n'est pas explicitement déclaré comme abstract mais comporte des fonctions abstract
C:\Users\tomaa\OneDrive - Association Cesi Viacesi mail\Documents\TOM\Année 2021-2022\Bloc 2 POO\PROJET\Livrable 3\Interface\MAP.h(14,11): message : 'System::String ^CLpersonne::Select(void)' : est abstrait
C:\Users\tomaa\OneDrive - Association Cesi Viacesi mail\Documents\TOM\Année 2021-2022\Bloc 2 POO\PROJET\Livrable 3\Interface\MAP.h(39): message : voir la déclaration de 'CLpersonne::Select'
C:\Users\tomaa\OneDrive - Association Cesi Viacesi mail\Documents\TOM\Année 2021-2022\Bloc 2 POO\PROJET\Livrable 3\Interface\MAP.h(14,11): message : 'System::String ^CLpersonne::Insert(void)' : est abstrait
C:\Users\tomaa\OneDrive - Association Cesi Viacesi mail\Documents\TOM\Année 2021-2022\Bloc 2 POO\PROJET\Livrable 3\Interface\MAP.h(40): message : voir la déclaration de 'CLpersonne::Insert'
C:\Users\tomaa\OneDrive - Association Cesi Viacesi mail\Documents\TOM\Année 2021-2022\Bloc 2 POO\PROJET\Livrable 3\Interface\MAP.h(14,11): message : 'System::String ^CLpersonne::Delete(void)' : est abstrait
C:\Users\tomaa\OneDrive - Association Cesi Viacesi mail\Documents\TOM\Année 2021-2022\Bloc 2 POO\PROJET\Livrable 3\Interface\MAP.h(41): message : voir la déclaration de 'CLpersonne::Delete'
C:\Users\tomaa\OneDrive - Association Cesi Viacesi mail\Documents\TOM\Année 2021-2022\Bloc 2 POO\PROJET\Livrable 3\Interface\MAP.h(14,11): message : 'System::String ^CLpersonne::Update(void)' : est abstrait
C:\Users\tomaa\OneDrive - Association Cesi Viacesi mail\Documents\TOM\Année 2021-2022\Bloc 2 POO\PROJET\Livrable 3\Interface\MAP.h(42): message : voir la déclaration de 'CLpersonne::Update'
  pch.cpp
  Projet.cpp
  Service.cpp
C:\Users\tomaa\OneDrive - Association Cesi Viacesi mail\Documents\TOM\Année 2021-2022\Bloc 2 POO\PROJET\Livrable 3\Interface\MAP.h(14,11): warning C4570: 'CLpersonne' : n'est pas explicitement déclaré comme abstract mais comporte des fonctions abstract
C:\Users\tomaa\OneDrive - Association Cesi Viacesi mail\Documents\TOM\Année 2021-2022\Bloc 2 POO\PROJET\Livrable 3\Interface\MAP.h(14,11): message : 'System::String ^CLpersonne::Select(void)' : est abstrait
C:\Users\tomaa\OneDrive - Association Cesi Viacesi mail\Documents\TOM\Année 2021-2022\Bloc 2 POO\PROJET\Livrable 3\Interface\MAP.h(39): message : voir la déclaration de 'CLpersonne::Select'
C:\Users\tomaa\OneDrive - Association Cesi Viacesi mail\Documents\TOM\Année 2021-2022\Bloc 2 POO\PROJET\Livrable 3\Interface\MAP.h(14,11): message : 'System::String ^CLpersonne::Insert(void)' : est abstrait
C:\Users\tomaa\OneDrive - Association Cesi Viacesi mail\Documents\TOM\Année 2021-2022\Bloc 2 POO\PROJET\Livrable 3\Interface\MAP.h(40): message : voir la déclaration de 'CLpersonne::Insert'
C:\Users\tomaa\OneDrive - Association Cesi Viacesi mail\Documents\TOM\Année 2021-2022\Bloc 2 POO\PROJET\Livrable 3\Interface\MAP.h(14,11): message : 'System::String ^CLpersonne::Delete(void)' : est abstrait
C:\Users\tomaa\OneDrive - Association Cesi Viacesi mail\Documents\TOM\Année 2021-2022\Bloc 2 POO\PROJET\Livrable 3\Interface\MAP.h(41): message : voir la déclaration de 'CLpersonne::Delete'
C:\Users\tomaa\OneDrive - Association Cesi Viacesi mail\Documents\TOM\Année 2021-2022\Bloc 2 POO\PROJET\Livrable 3\Interface\MAP.h(14,11): message : 'System::String ^CLpersonne::Update(void)' : est abstrait
C:\Users\tomaa\OneDrive - Association Cesi Viacesi mail\Documents\TOM\Année 2021-2022\Bloc 2 POO\PROJET\Livrable 3\Interface\MAP.h(42): message : voir la déclaration de 'CLpersonne::Update'
  Génération de code en cours...
C:\Users\tomaa\OneDrive - Association Cesi Viacesi mail\Documents\TOM\Année 2021-2022\Bloc 2 POO\PROJET\Livrable 3\Interface\Service.cpp(13): error C4716: 'services::selectionnerToutesLesPersonnes' : doit retourner une valeur
